<?xml version="1.0" encoding="UTF-8"?>
<testng-results skipped="0" failed="1" ignored="0" total="1" passed="0">
  <reporter-output>
  </reporter-output>
  <suite name="Default suite" duration-ms="98322" started-at="2022-01-21T10:02:56Z" finished-at="2022-01-21T10:04:35Z">
    <groups>
    </groups>
    <test name="Default test" duration-ms="98322" started-at="2022-01-21T10:02:56Z" finished-at="2022-01-21T10:04:35Z">
      <class name="org.test.Receiver">
        <test-method status="FAIL" signature="launch(java.lang.String, java.lang.String, java.lang.String, java.lang.String, java.lang.String, java.lang.String, java.lang.String)[pri:0, instance:org.test.Receiver@598067a5]" name="launch" duration-ms="93516" started-at="2022-01-21T10:03:01Z" data-provider="pro" finished-at="2022-01-21T10:04:34Z">
          <params>
            <param index="0">
              <value>
                <![CDATA[SuguAravind]]>
              </value>
            </param>
            <param index="1">
              <value>
                <![CDATA[sugu@3005]]>
              </value>
            </param>
            <param index="2">
              <value>
                <![CDATA[Vetri]]>
              </value>
            </param>
            <param index="3">
              <value>
                <![CDATA[Vel]]>
              </value>
            </param>
            <param index="4">
              <value>
                <![CDATA[Palavakkam]]>
              </value>
            </param>
            <param index="5">
              <value>
                <![CDATA[1234567890123456]]>
              </value>
            </param>
            <param index="6">
              <value>
                <![CDATA[44]]>
              </value>
            </param>
          </params>
          <exception class="java.lang.NullPointerException">
            <full-stacktrace>
              <![CDATA[java.lang.NullPointerException
at org.test.BaseClass.excelWrite(BaseClass.java:87)
at org.test.Receiver.launch(Receiver.java:48)
at sun.reflect.NativeMethodAccessorImpl.invoke0(Native Method)
at sun.reflect.NativeMethodAccessorImpl.invoke(Unknown Source)
at sun.reflect.DelegatingMethodAccessorImpl.invoke(Unknown Source)
at java.lang.reflect.Method.invoke(Unknown Source)
at org.testng.internal.MethodInvocationHelper.invokeMethod(MethodInvocationHelper.java:124)
at org.testng.internal.Invoker.invokeMethod(Invoker.java:583)
at org.testng.internal.Invoker.invokeTestMethod(Invoker.java:719)
at org.testng.internal.Invoker.invokeTestMethods(Invoker.java:989)
at org.testng.internal.TestMethodWorker.invokeTestMethods(TestMethodWorker.java:125)
at org.testng.internal.TestMethodWorker.run(TestMethodWorker.java:109)
at org.testng.TestRunner.privateRun(TestRunner.java:648)
at org.testng.TestRunner.run(TestRunner.java:505)
at org.testng.SuiteRunner.runTest(SuiteRunner.java:455)
at org.testng.SuiteRunner.runSequentially(SuiteRunner.java:450)
at org.testng.SuiteRunner.privateRun(SuiteRunner.java:415)
at org.testng.SuiteRunner.run(SuiteRunner.java:364)
at org.testng.SuiteRunnerWorker.runSuite(SuiteRunnerWorker.java:52)
at org.testng.SuiteRunnerWorker.run(SuiteRunnerWorker.java:84)
at org.testng.TestNG.runSuitesSequentially(TestNG.java:1208)
at org.testng.TestNG.runSuitesLocally(TestNG.java:1137)
at org.testng.TestNG.runSuites(TestNG.java:1049)
at org.testng.TestNG.run(TestNG.java:1017)
at org.testng.remote.AbstractRemoteTestNG.run(AbstractRemoteTestNG.java:132)
at org.testng.remote.RemoteTestNG.initAndRun(RemoteTestNG.java:236)
at org.testng.remote.RemoteTestNG.main(RemoteTestNG.java:81)
]]>
            </full-stacktrace>
          </exception> <!-- java.lang.NullPointerException -->
          <reporter-output>
          </reporter-output>
        </test-method> <!-- launch -->
      </class> <!-- org.test.Receiver -->
    </test> <!-- Default test -->
  </suite> <!-- Default suite -->
</testng-results>
